autoscan: warning: missing AC_CHECK_FUNCS([memset]) wanted by: 
	src/futil_queue.c:80
	src/futil_queue.c:278
autoscan: warning: missing AC_CHECK_HEADERS([stdint.h]) wanted by: 
	include/futil_typedef.h:3
autoscan: warning: missing AC_CHECK_HEADERS([stdlib.h]) wanted by: 
	include/futil_typedef.h:6
autoscan: warning: missing AC_CHECK_HEADERS([string.h]) wanted by: 
	include/futil_typedef.h:7
autoscan: warning: missing AC_C_INLINE wanted by: 
	src/futil_atomic.c:11
autoscan: warning: missing AC_FUNC_MALLOC wanted by: 
	src/futil_queue.c:74
autoscan: warning: missing AC_TYPE_INT16_T wanted by: 
	include/futil_typedef.h:26
autoscan: warning: missing AC_TYPE_INT32_T wanted by: 
	include/futil_typedef.h:28
autoscan: warning: missing AC_TYPE_INT64_T wanted by: 
	include/futil_typedef.h:30
autoscan: warning: missing AC_TYPE_INT8_T wanted by: 
	include/futil_typedef.h:24
autoscan: warning: missing AC_TYPE_SIZE_T wanted by: 
	include/futil_typedef.h:35
autoscan: warning: missing AC_TYPE_UINT16_T wanted by: 
	include/futil_typedef.h:27
autoscan: warning: missing AC_TYPE_UINT32_T wanted by: 
	include/futil_typedef.h:29
autoscan: warning: missing AC_TYPE_UINT64_T wanted by: 
	include/futil_typedef.h:31
autoscan: warning: missing AC_TYPE_UINT8_T wanted by: 
	include/futil_typedef.h:25
